{
  "RSpec": {
    "coverage": {
      "/home/andy/Sites/spree-mpay24/spec/dummy/config/environment.rb": [
        null,
        1,
        null,
        null,
        1,
        null,
        1
      ],
      "/home/andy/Sites/spree-mpay24/spec/dummy/config/application.rb": [
        1,
        null,
        1,
        null,
        1,
        null,
        1,
        null,
        1,
        1,
        null,
        1,
        null,
        1,
        0,
        null,
        null,
        null,
        1,
        0,
        null,
        null,
        null,
        null,
        null,
        null,
        null,
        null,
        null,
        null,
        null,
        null,
        null,
        null,
        null,
        null,
        null,
        null,
        null,
        null,
        null,
        null,
        null,
        null,
        null,
        null,
        1,
        null,
        null,
        1,
        null,
        null,
        1,
        null,
        null,
        null,
        null,
        null,
        null,
        null,
        null,
        null,
        null,
        1,
        null,
        null,
        1,
        null,
        null,
        1,
        null,
        null,
        null,
        null
      ],
      "/home/andy/Sites/spree-mpay24/spec/dummy/config/boot.rb": [
        1,
        1,
        null,
        1,
        1,
        1
      ],
      "/home/andy/Sites/spree-mpay24/lib/spree_mpay_gateway.rb": [
        1,
        1,
        1,
        1
      ],
      "/home/andy/Sites/spree-mpay24/lib/spree_mpay_gateway/engine.rb": [
        1,
        1,
        1,
        null,
        null,
        1,
        null,
        null,
        1,
        1,
        null,
        null,
        1,
        null,
        1,
        1,
        null,
        null,
        null,
        null,
        1,
        1,
        null,
        null,
        null,
        null,
        1,
        1,
        0,
        null,
        null,
        null,
        1,
        null,
        null
      ],
      "/home/andy/Sites/spree-mpay24/lib/spree_mpay_gateway/xml_builder.rb": [
        1,
        null,
        1,
        1,
        1,
        0,
        0,
        0,
        0,
        0,
        0,
        null,
        0,
        0,
        0,
        0,
        0,
        null,
        null,
        null,
        0,
        null,
        null,
        0,
        null,
        0,
        null,
        0,
        null,
        null,
        0,
        null,
        0,
        0,
        0,
        0,
        0,
        0,
        0,
        0,
        0,
        null,
        null,
        0,
        0,
        0,
        0,
        0,
        0,
        0,
        0,
        0,
        null,
        0,
        0,
        0,
        null,
        null,
        null,
        0,
        null,
        null,
        1,
        null,
        1,
        0,
        0,
        null,
        0,
        null,
        null,
        null,
        null
      ],
      "/home/andy/Sites/spree-mpay24/lib/spree_mpay_gateway/mpay_communicator.rb": [
        1,
        1,
        null,
        1,
        1,
        null,
        1,
        1,
        null,
        1,
        null,
        0,
        null,
        0,
        null,
        null,
        null,
        0,
        0,
        0,
        null,
        0,
        null,
        0,
        null,
        null,
        null,
        1,
        null,
        1,
        0,
        0,
        0,
        null,
        null,
        0,
        0,
        0,
        0,
        null,
        0,
        0,
        null,
        null,
        null,
        null,
        0,
        null,
        null,
        1,
        0,
        null,
        null,
        1,
        0,
        null,
        0,
        0,
        0,
        0,
        null,
        null,
        0,
        null,
        null,
        0,
        0,
        null,
        null,
        0,
        null,
        null,
        null
      ],
      "/home/andy/Sites/spree-mpay24/spec/dummy/config/environments/test.rb": [
        1,
        null,
        null,
        null,
        null,
        null,
        null,
        1,
        null,
        null,
        1,
        1,
        null,
        null,
        1,
        null,
        null,
        1,
        1,
        null,
        null,
        1,
        null,
        null,
        1,
        null,
        null,
        null,
        null,
        1,
        null,
        null,
        1,
        null,
        null,
        1,
        null
      ],
      "/home/andy/Sites/spree-mpay24/spec/dummy/config/initializers/backtrace_silencers.rb": [
        null,
        null,
        null,
        null,
        null,
        null,
        null
      ],
      "/home/andy/Sites/spree-mpay24/spec/dummy/config/initializers/inflections.rb": [
        null,
        null,
        null,
        null,
        null,
        null,
        null,
        null,
        null,
        null,
        null,
        null,
        null,
        null,
        null
      ],
      "/home/andy/Sites/spree-mpay24/spec/dummy/config/initializers/mime_types.rb": [
        null,
        null,
        null,
        null,
        null
      ],
      "/home/andy/Sites/spree-mpay24/spec/dummy/config/initializers/secret_token.rb": [
        null,
        null,
        null,
        null,
        null,
        null,
        1
      ],
      "/home/andy/Sites/spree-mpay24/spec/dummy/config/initializers/session_store.rb": [
        null,
        null,
        1,
        null,
        null,
        null,
        null,
        null
      ],
      "/home/andy/Sites/spree-mpay24/spec/dummy/config/initializers/spree.rb": [
        null,
        null,
        null,
        null,
        null,
        null,
        null,
        1,
        null,
        null,
        null,
        null
      ],
      "/home/andy/Sites/spree-mpay24/spec/dummy/config/initializers/wrap_parameters.rb": [
        null,
        null,
        null,
        null,
        null,
        null,
        1,
        1,
        null,
        null,
        null,
        1,
        1,
        null
      ],
      "/home/andy/Sites/spree-mpay24/spec/dummy/app/controllers/application_controller.rb": [
        1,
        1,
        null
      ],
      "/home/andy/Sites/spree-mpay24/spec/dummy/app/helpers/application_helper.rb": [
        1,
        null
      ],
      "/home/andy/Sites/spree-mpay24/app/helpers/mpay_helper.rb": [
        1,
        1,
        null,
        1,
        null,
        0,
        0,
        null,
        null,
        1,
        null,
        1,
        0,
        null,
        null
      ],
      "/home/andy/Sites/spree-mpay24/app/controllers/mpay_callbacks_controller.rb": [
        1,
        1,
        null,
        3,
        null,
        3,
        3,
        3,
        null,
        null,
        3,
        null,
        null
      ],
      "/home/andy/Sites/spree-mpay24/app/controllers/mpay_confirmation_controller.rb": [
        1,
        null,
        null,
        1,
        null,
        1,
        1,
        null,
        1,
        null,
        null,
        1,
        7,
        6,
        null,
        null,
        5,
        5,
        5,
        null,
        4,
        null,
        null,
        3,
        null,
        2,
        null,
        2,
        2,
        2,
        2,
        null,
        2,
        2,
        2,
        null,
        2,
        2,
        null,
        1,
        null,
        null,
        1,
        null,
        0,
        null,
        null,
        3,
        null,
        null,
        1,
        null,
        1,
        7,
        1,
        null,
        null,
        null,
        1,
        6,
        1,
        null,
        null,
        null,
        1,
        3,
        null,
        null,
        1,
        7,
        null,
        0,
        0,
        null,
        0,
        0,
        0,
        null,
        0,
        null,
        null,
        null,
        0,
        0,
        null,
        null,
        null
      ],
      "/home/andy/Sites/spree-mpay24/app/models/spree/billing_integration/mpay.rb": [
        null,
        null,
        1,
        null,
        1,
        1,
        1,
        1,
        null,
        1,
        null,
        null,
        1,
        0,
        null,
        null,
        1,
        17,
        null,
        null,
        1,
        0,
        0,
        0,
        null,
        0,
        null,
        null,
        null,
        0,
        null,
        null,
        1,
        0,
        null,
        null,
        null,
        1,
        null,
        0,
        0,
        null,
        0,
        0,
        0,
        0,
        null,
        0,
        null,
        null,
        null,
        1,
        null,
        1,
        0,
        null,
        null
      ],
      "/home/andy/Sites/spree-mpay24/spec/dummy/config/routes.rb": [
        1,
        1,
        null
      ],
      "/home/andy/Sites/spree-mpay24/config/routes.rb": [
        1,
        0,
        0,
        null
      ],
      "/home/andy/Sites/spree-mpay24/spec/controllers/mpay_callbacks_controller_spec.rb": [
        1,
        null,
        1,
        null,
        4,
        4,
        null,
        1,
        1,
        1,
        1,
        null,
        1,
        null,
        1,
        null,
        null,
        1,
        1,
        1,
        1,
        null,
        1,
        null,
        1,
        null,
        null,
        1,
        1,
        1,
        1,
        null,
        1,
        null,
        1,
        null,
        null
      ],
      "/home/andy/Sites/spree-mpay24/spec/helpers/mpay_helper_spec.rb": [
        1,
        null,
        1,
        1,
        null,
        2,
        null,
        1,
        1,
        null,
        1,
        1,
        null,
        null,
        null,
        null
      ]
    },
    "timestamp": 1346143118
  }
}
